<?xml version="1.0" encoding="UTF-8"?>
<!DOCTYPE suite SYSTEM "http://testng.org/testng-1.0.dtd">
<suite name="Test Suite" parallel="methods" thread-count="2">
    <test name="Test1">
        <packages>
            <package name="com.test.web.*"/>
        </packages>
    </test>
</suite>